{"failedCount":1,"prefixedPath":"src\/test\/java\/examples\/users\/users.feature","packageQualifiedName":"src.test.java.examples.users.users","loopIndex":-1,"relativePath":"src\/test\/java\/examples\/users\/users.feature","scenarioResults":[{"sectionIndex":0,"stepResults":[{"result":{"nanos":51938300,"millis":51.9383,"status":"passed"},"step":{"background":true,"line":4,"prefix":"*","index":0,"text":"def  v = read('classpath:testdata\/data.json')"},"stepLog":"01:57:23.002 karate.env system property was: null \n"},{"result":{"nanos":8698200,"millis":8.6982,"status":"passed"},"step":{"comments":["#    * def  f = read('classpath:JS\/test.js')"],"background":true,"line":6,"prefix":"*","index":1,"text":"def p = call read('classpath:JS\/test2.js')"}},{"result":{"nanos":8600300,"errorMessage":"js failed:\n>>>>\n01: p()\n<<<<\norg.graalvm.polyglot.PolyglotException: TypeError: execute on {gettime=com.intuit.karate.graal.JsValue$SharableMembersAndExecutable@7c1812b3} failed due to: Message not supported.\n- <js>.:program(Unnamed:1)\n\nsrc\/test\/java\/examples\/users\/users.feature:7","millis":8.6003,"status":"failed"},"step":{"background":true,"line":7,"prefix":"*","index":2,"text":"def x = p()"},"stepLog":"01:57:23.109 src\/test\/java\/examples\/users\/users.feature:7\n* def x = p()\njs failed:\n>>>>\n01: p()\n<<<<\norg.graalvm.polyglot.PolyglotException: TypeError: execute on {gettime=com.intuit.karate.graal.JsValue$SharableMembersAndExecutable@7c1812b3} failed due to: Message not supported.\n- <js>.:program(Unnamed:1)\n\nsrc\/test\/java\/examples\/users\/users.feature:7\n"},{"result":{"nanos":0,"millis":0.0,"status":"skipped"},"step":{"comments":["#    * def x = eval(p.toString())"],"background":true,"line":10,"prefix":"*","index":3,"text":"print 'date now ', eval(x)"}},{"result":{"nanos":0,"millis":0.0,"status":"skipped"},"step":{"line":14,"prefix":"Given","index":0,"text":"url v.url"}},{"result":{"nanos":0,"millis":0.0,"status":"skipped"},"step":{"line":15,"prefix":"And","index":1,"text":"path 'users'"}},{"result":{"nanos":0,"millis":0.0,"status":"skipped"},"step":{"line":16,"prefix":"When","index":2,"text":"method get"}},{"result":{"nanos":0,"millis":0.0,"status":"skipped"},"step":{"line":17,"prefix":"Then","index":3,"text":"status 200"}},{"result":{"nanos":0,"millis":0.0,"status":"skipped"},"step":{"line":18,"prefix":"And","index":4,"text":"def first = response[0]"}},{"result":{"nanos":0,"millis":0.0,"status":"skipped"},"step":{"line":19,"prefix":"Given","index":5,"text":"path 'users\/'+ first.id"}},{"result":{"nanos":0,"millis":0.0,"status":"skipped"},"step":{"line":20,"prefix":"When","index":6,"text":"method get"}},{"result":{"nanos":0,"millis":0.0,"status":"skipped"},"step":{"line":21,"prefix":"Then","index":7,"text":"status 200"}},{"result":{"nanos":0,"millis":0.0,"status":"skipped"},"step":{"line":22,"prefix":"And","index":8,"text":"assert first.username == 'Bret'"}}],"line":13,"description":"","durationMillis":69.2368,"failed":true,"error":"js failed:\n>>>>\n01: p()\n<<<<\norg.graalvm.polyglot.PolyglotException: TypeError: execute on {gettime=com.intuit.karate.graal.JsValue$SharableMembersAndExecutable@7c1812b3} failed due to: Message not supported.\n- <js>.:program(Unnamed:1)\n\nsrc\/test\/java\/examples\/users\/users.feature:7","executorName":"main","name":"get all users and then get the first user by id","startTime":1673852242850,"refId":"[1:13]","endTime":1673852243109,"exampleIndex":-1}],"callDepth":0,"name":"Karate feature file for json placeholder.","description":"","resultDate":"2023-01-16 01:57:23 AM","durationMillis":69.2368,"passedCount":0}